0 info it worked if it ends with ok
1 verbose cli [ 'C:\\Program Files\\nodejs\\node.exe',
1 verbose cli   'C:\\Program Files\\nodejs\\node_modules\\npm\\bin\\npm-cli.js',
1 verbose cli   'install',
1 verbose cli   'openid-connect' ]
2 info using npm@3.3.12
3 info using node@v5.3.0
4 silly loadCurrentTree Starting
5 silly install loadCurrentTree
6 silly install readLocalPackageData
7 silly fetchPackageMetaData openid-connect
8 silly fetchNamedPackageData openid-connect
9 silly mapToRegistry name openid-connect
10 silly mapToRegistry using default registry
11 silly mapToRegistry registry https://registry.npmjs.org/
12 silly mapToRegistry uri https://registry.npmjs.org/openid-connect
13 verbose get https://registry.npmjs.org/openid-connect not expired, no request
14 silly install normalizeTree
15 silly loadCurrentTree Finishing
16 silly loadIdealTree Starting
17 silly install loadIdealTree
18 silly cloneCurrentTree Starting
19 silly install cloneCurrentTreeToIdealTree
20 silly cloneCurrentTree Finishing
21 silly loadShrinkwrap Starting
22 silly install loadShrinkwrap
23 silly loadShrinkwrap Finishing
24 silly loadAllDepsIntoIdealTree Starting
25 silly install loadAllDepsIntoIdealTree
26 silly rollbackFailedOptional Starting
27 silly rollbackFailedOptional Finishing
28 silly runTopLevelLifecycles Starting
29 silly runTopLevelLifecycles Finishing
30 silly install printInstalled
31 verbose stack Error: Refusing to install openid-connect as a dependency of itself
31 verbose stack     at checkSelf (C:\Program Files\nodejs\node_modules\npm\lib\install\validate-args.js:40:14)
31 verbose stack     at Array.<anonymous> (C:\Program Files\nodejs\node_modules\npm\node_modules\slide\lib\bind-actor.js:15:8)
31 verbose stack     at LOOP (C:\Program Files\nodejs\node_modules\npm\node_modules\slide\lib\chain.js:15:14)
31 verbose stack     at chain (C:\Program Files\nodejs\node_modules\npm\node_modules\slide\lib\chain.js:20:5)
31 verbose stack     at C:\Program Files\nodejs\node_modules\npm\lib\install\validate-args.js:15:5
31 verbose stack     at C:\Program Files\nodejs\node_modules\npm\node_modules\slide\lib\async-map.js:52:35
31 verbose stack     at Array.forEach (native)
31 verbose stack     at C:\Program Files\nodejs\node_modules\npm\node_modules\slide\lib\async-map.js:52:11
31 verbose stack     at Array.forEach (native)
31 verbose stack     at asyncMap (C:\Program Files\nodejs\node_modules\npm\node_modules\slide\lib\async-map.js:51:8)
32 verbose cwd C:\Users\AdamBradley\Documents\GitHub\OIDCServer
33 error Windows_NT 10.0.10586
34 error argv "C:\\Program Files\\nodejs\\node.exe" "C:\\Program Files\\nodejs\\node_modules\\npm\\bin\\npm-cli.js" "install" "openid-connect"
35 error node v5.3.0
36 error npm  v3.3.12
37 error code ENOSELF
38 error Refusing to install openid-connect as a dependency of itself
39 error If you need help, you may report this error at:
39 error     <https://github.com/npm/npm/issues>
40 verbose exit [ 1, true ]
